<?xml version="1.0" encoding="UTF-8"?>
<!-- Generated by org.testng.reporters.JUnitReportReporter -->
<testsuite hostname="DESKTOP-2L8316M" failures="0" tests="1" name="Tescases.Createpolicy" time="10.889" errors="0" timestamp="2022-11-09T15:51:53 IST" skipped="0">
  <testcase classname="Tescases.Createpolicy" name="TC01" time="10.889"/>
  <system-out/>
</testsuite> <!-- Tescases.Createpolicy -->
