<?xml version="1.0" encoding="UTF-8"?>
<!-- Generated by org.testng.reporters.JUnitReportReporter -->
<testsuite hostname="DESKTOP-2L8316M" failures="0" tests="1" name="Tescases.demoframewindow" time="51.599" errors="0" timestamp="2022-10-10T10:39:05 IST" skipped="0">
  <testcase classname="Tescases.demoframewindow" name="framewindow" time="51.599"/>
  <system-out/>
</testsuite> <!-- Tescases.demoframewindow -->
