<?xml version="1.0" encoding="UTF-8"?>
<!-- Generated by org.testng.reporters.JUnitReportReporter -->
<testsuite hostname="DESKTOP-2L8316M" failures="0" tests="1" name="Tescases.GET" time="18.282" errors="0" timestamp="2022-10-13T11:25:41 IST" skipped="0">
  <testcase classname="Tescases.GET" name="get" time="18.282"/>
  <system-out/>
</testsuite> <!-- Tescases.GET -->
