<?xml version="1.0" encoding="UTF-8"?>
<!-- Generated by org.testng.reporters.JUnitReportReporter -->
<testsuite hostname="DESKTOP-2L8316M" failures="0" tests="1" name="Tescases.flipkart" time="14.434" errors="0" timestamp="2022-10-13T12:07:09 IST" skipped="0">
  <testcase classname="Tescases.flipkart" name="flipkart" time="14.434"/>
  <system-out/>
</testsuite> <!-- Tescases.flipkart -->
